Rilevamento dell'hash del compilatore per la tripletta x86-windows...
Compilatore trovato: C:/Program Files/Microsoft Visual Studio/18/Community/VC/Tools/MSVC/14.50.35717/bin/Hostx64/x86/cl.exe
Rilevamento dell'hash del compilatore per la tripletta x64-windows...
Compilatore trovato: C:/Program Files/Microsoft Visual Studio/18/Community/VC/Tools/MSVC/14.50.35717/bin/Hostx64/x64/cl.exe
I pacchetti seguenti sono gi├á installati:
    exprtk:x86-windows@0.0.3 -- git+https://github.com/microsoft/vcpkg@266380073f12896cc91ff1113f8e2ae7374be9d6
    ftxui:x86-windows@6.1.8 -- git+https://github.com/microsoft/vcpkg@b4f845088fe80ecab8ae0b2a88bee7a7e20b3440
    lua:x86-windows@5.4.7 -- git+https://github.com/microsoft/vcpkg@97783a4c337df419c0a6a75e9599545c54259d86
    nlohmann-json:x86-windows@3.12.0 -- git+https://github.com/microsoft/vcpkg@060c829772d52e920fee94cf84755031c61e3b67
    replxx:x86-windows@0.0.4#1 -- git+https://github.com/microsoft/vcpkg@5f699bd3a8850016bfd6ff8a8eb03d82fe83bdb9
  * vcpkg-cmake:x64-windows@2024-04-23 -- git+https://github.com/microsoft/vcpkg@e74aa1e8f93278a8e71372f1fa08c3df420eb840
  * vcpkg-cmake-config:x64-windows@2024-05-23 -- git+https://github.com/microsoft/vcpkg@97a63e4bc1a17422ffe4eff71da53b4b561a7841
exprtk ├¿ di sola intestazione e pu├▓ essere usato da CMake tramite:

  find_path(EXPRTK_INCLUDE_DIRS "exprtk.hpp")
  target_include_directories(main PRIVATE ${EXPRTK_INCLUDE_DIRS})

ftxui fornisce destinazioni CMake:

  # generato in modo euristico e potrebbe non essere corretto
  find_package(ftxui CONFIG REQUIRED)
  target_link_libraries(main PRIVATE ftxui::dom ftxui::screen ftxui::component)

ftxui fornisce moduli pkg-config:

  # C++ Functional Terminal User Interface.
  ftxui

Use this package via the module FindLua that comes with CMake. To use in your CMakeLists.txt:

    find_package(Lua REQUIRED)
    target_include_directories(main PRIVATE ${LUA_INCLUDE_DIR})
    target_link_libraries(main PRIVATE ${LUA_LIBRARIES})

The package nlohmann-json provides CMake targets:

    find_package(nlohmann_json CONFIG REQUIRED)
    target_link_libraries(main PRIVATE nlohmann_json::nlohmann_json)

The package nlohmann-json can be configured to not provide implicit conversions via a custom triplet file:

    set(nlohmann-json_IMPLICIT_CONVERSIONS OFF)

For more information, see the docs here:
    
    https://json.nlohmann.me/api/macros/json_use_implicit_conversions/

replxx fornisce destinazioni CMake:

  # generato in modo euristico e potrebbe non essere corretto
  find_package(replxx CONFIG REQUIRED)
  target_link_libraries(main PRIVATE replxx::replxx)

Tutte le installazioni richieste sono state completate in: 1.59 ms
